<?xml version="1.0" encoding="utf-8"?><testsuites><testsuite name="pytest" errors="0" failures="0" skipped="0" tests="4" time="0.546" timestamp="2026-03-17T13:14:23.592325" hostname="2625e88adf70"><testcase classname="test_app" name="test_health_returns_200" time="0.020" /><testcase classname="test_app" name="test_health_payload" time="0.003" /><testcase classname="test_app" name="test_home_returns_200" time="0.001" /><testcase classname="test_app" name="test_home_payload" time="0.004" /></testsuite></testsuites>